10:46:44.896 [localhost-startStop-1] INFO  o.s.m.restapi.ApplicationContext - Migrating database...
10:46:44.922 [localhost-startStop-1] INFO  o.f.c.internal.util.VersionPrinter - Flyway 4.0 by Boxfuse
10:46:45.055 [localhost-startStop-1] INFO  o.f.c.i.dbsupport.DbSupportFactory - Database: jdbc:postgresql://localhost:5432/metadatacatalogue (PostgreSQL 9.6)
10:46:45.250 [localhost-startStop-1] INFO  o.f.core.internal.command.DbValidate - Successfully validated 1 migration (execution time 00:00.088s)
10:46:45.295 [localhost-startStop-1] INFO  o.f.core.internal.command.DbMigrate - Current version of schema "public": 1.0.1
10:46:45.296 [localhost-startStop-1] INFO  o.f.core.internal.command.DbMigrate - Schema "public" is up to date. No migration necessary.
10:46:45.301 [localhost-startStop-1] INFO  o.s.m.restapi.ApplicationContext - Database migration complete
10:46:45.301 [localhost-startStop-1] INFO  o.s.m.restapi.ApplicationContext - Generating new token key...
10:46:45.308 [localhost-startStop-1] INFO  o.s.m.restapi.ApplicationContext - Intialising database connection...
10:46:45.688 [localhost-startStop-1] INFO  o.s.metadatacatalogue.db.ApiContext - Creating new database connection!!
10:46:45.688 [localhost-startStop-1] INFO  o.s.m.db.ConnectionProvider - Creating new database connection!!
10:46:45.827 [localhost-startStop-1] INFO  o.h.jpa.internal.util.LogHelper - HHH000204: Processing PersistenceUnitInfo [
	name: ox.softeng.metadatacatalogue
	...]
10:46:45.971 [localhost-startStop-1] INFO  org.hibernate.Version - HHH000412: Hibernate Core {5.0.6.Final}
10:46:45.973 [localhost-startStop-1] INFO  org.hibernate.cfg.Environment - HHH000206: hibernate.properties not found
10:46:45.976 [localhost-startStop-1] INFO  org.hibernate.cfg.Environment - HHH000021: Bytecode provider name : javassist
10:46:46.061 [localhost-startStop-1] INFO  o.h.annotations.common.Version - HCANN000001: Hibernate Commons Annotations {4.0.5.Final}
10:46:46.275 [localhost-startStop-1] INFO  org.hibernate.dialect.Dialect - HHH000400: Using dialect: org.hibernate.dialect.PostgreSQLDialect
10:46:46.304 [localhost-startStop-1] INFO  o.h.e.j.e.i.LobCreatorBuilderImpl - HHH000422: Disabling contextual LOB creation as connection was null
10:46:46.307 [localhost-startStop-1] INFO  org.hibernate.type.BasicTypeRegistry - HHH000270: Type registration [java.util.UUID] overrides previous : org.hibernate.type.UUIDBinaryType@41e5a8f3
10:46:46.549 [localhost-startStop-1] WARN  org.hibernate.cfg.AnnotationBinder - HHH000457: Joined inheritance hierarchy [ox.softeng.metadatacatalogue.domain.core.CatalogueItem] defined explicit @DiscriminatorColumn.  Legacy Hibernate behavior was to ignore the @DiscriminatorColumn.  However, as part of issue HHH-6911 we now apply the explicit @DiscriminatorColumn.  If you would prefer the legacy behavior, enable the `hibernate.discriminator.ignore_explicit_for_joined` setting (hibernate.discriminator.ignore_explicit_for_joined=true)
10:46:46.881 [localhost-startStop-1] INFO  o.h.validator.internal.util.Version - HV000001: Hibernate Validator 5.2.2.Final
10:46:47.861 [localhost-startStop-1] INFO  o.s.m.db.ConnectionProvider - org.hibernate.jpa.internal.EntityManagerFactoryImpl@3d908709
10:46:47.861 [localhost-startStop-1] INFO  o.s.m.db.ConnectionProvider - Database connection established!
10:46:49.373 [localhost-startStop-1] INFO  o.s.m.r.filters.ProfilingListener - Jersey application started.
10:46:49.743 [localhost-startStop-1] INFO  o.s.m.restapi.ApplicationContext - Destroying context...
